mode: set
github.com/DramaFever/pan/query.go:30.48,36.2 1 1
github.com/DramaFever/pan/query.go:45.46,47.2 1 1
github.com/DramaFever/pan/query.go:49.37,52.26 3 1
github.com/DramaFever/pan/query.go:55.2,55.12 1 1
github.com/DramaFever/pan/query.go:52.26,54.3 1 1
github.com/DramaFever/pan/query.go:60.46,61.28 1 1
github.com/DramaFever/pan/query.go:64.2,64.19 1 1
github.com/DramaFever/pan/query.go:61.28,63.3 1 1
github.com/DramaFever/pan/query.go:71.33,72.40 1 1
github.com/DramaFever/pan/query.go:75.2,76.18 2 1
github.com/DramaFever/pan/query.go:82.2,82.15 1 1
github.com/DramaFever/pan/query.go:72.40,74.3 1 1
github.com/DramaFever/pan/query.go:77.2,78.31 1 1
github.com/DramaFever/pan/query.go:79.2,80.28 1 1
github.com/DramaFever/pan/query.go:85.39,87.2 1 1
github.com/DramaFever/pan/query.go:89.42,102.27 13 1
github.com/DramaFever/pan/query.go:108.2,111.23 4 1
github.com/DramaFever/pan/query.go:129.2,129.44 1 1
github.com/DramaFever/pan/query.go:132.2,132.23 1 1
github.com/DramaFever/pan/query.go:102.27,107.3 4 1
github.com/DramaFever/pan/query.go:111.23,114.27 3 1
github.com/DramaFever/pan/query.go:123.3,124.29 2 1
github.com/DramaFever/pan/query.go:114.27,116.30 2 1
github.com/DramaFever/pan/query.go:120.4,121.12 2 1
github.com/DramaFever/pan/query.go:116.30,119.5 2 1
github.com/DramaFever/pan/query.go:124.29,127.4 2 1
github.com/DramaFever/pan/query.go:129.44,131.3 1 1
github.com/DramaFever/pan/query.go:138.54,143.2 4 1
github.com/DramaFever/pan/query.go:148.71,151.50 3 1
github.com/DramaFever/pan/query.go:154.2,154.102 1 1
github.com/DramaFever/pan/query.go:157.2,157.17 1 1
github.com/DramaFever/pan/query.go:160.2,162.10 3 1
github.com/DramaFever/pan/query.go:151.50,153.3 1 1
github.com/DramaFever/pan/query.go:154.102,156.3 1 1
github.com/DramaFever/pan/query.go:157.17,159.3 1 1
github.com/DramaFever/pan/query.go:168.73,169.79 1 1
github.com/DramaFever/pan/query.go:172.2,174.10 3 1
github.com/DramaFever/pan/query.go:169.79,171.3 1 1
github.com/DramaFever/pan/query.go:179.67,183.2 3 1
github.com/DramaFever/pan/query.go:187.39,188.21 1 1
github.com/DramaFever/pan/query.go:191.2,194.10 4 1
github.com/DramaFever/pan/query.go:188.21,190.3 1 1
github.com/DramaFever/pan/query.go:200.57,201.21 1 1
github.com/DramaFever/pan/query.go:204.2,206.10 3 1
github.com/DramaFever/pan/query.go:201.21,203.3 1 1
github.com/DramaFever/pan/query.go:212.48,213.21 1 1
github.com/DramaFever/pan/query.go:216.2,219.10 4 1
github.com/DramaFever/pan/query.go:213.21,215.3 1 1
github.com/DramaFever/pan/query.go:222.50,226.2 3 1
github.com/DramaFever/pan/query.go:228.60,231.2 2 1
github.com/DramaFever/pan/reflect.go:13.30,14.13 1 1
github.com/DramaFever/pan/reflect.go:17.2,17.22 1 1
github.com/DramaFever/pan/reflect.go:22.2,22.13 1 1
github.com/DramaFever/pan/reflect.go:14.13,16.3 1 1
github.com/DramaFever/pan/reflect.go:17.22,18.137 1 1
github.com/DramaFever/pan/reflect.go:18.137,20.4 1 1
github.com/DramaFever/pan/reflect.go:25.31,26.13 1 1
github.com/DramaFever/pan/reflect.go:29.2,32.22 4 1
github.com/DramaFever/pan/reflect.go:53.2,53.14 1 1
github.com/DramaFever/pan/reflect.go:26.13,28.3 1 1
github.com/DramaFever/pan/reflect.go:32.22,33.50 1 1
github.com/DramaFever/pan/reflect.go:36.3,36.25 1 1
github.com/DramaFever/pan/reflect.go:46.3,49.26 3 1
github.com/DramaFever/pan/reflect.go:33.50,34.12 1 1
github.com/DramaFever/pan/reflect.go:36.25,38.4 1 1
github.com/DramaFever/pan/reflect.go:38.5,38.32 1 1
github.com/DramaFever/pan/reflect.go:38.32,40.20 2 1
github.com/DramaFever/pan/reflect.go:43.4,43.24 1 1
github.com/DramaFever/pan/reflect.go:40.20,42.5 1 1
github.com/DramaFever/pan/reflect.go:49.26,51.4 1 1
github.com/DramaFever/pan/reflect.go:56.63,59.18 2 1
github.com/DramaFever/pan/reflect.go:62.2,62.37 1 1
github.com/DramaFever/pan/reflect.go:65.2,65.11 1 1
github.com/DramaFever/pan/reflect.go:68.2,68.14 1 1
github.com/DramaFever/pan/reflect.go:59.18,61.3 1 1
github.com/DramaFever/pan/reflect.go:62.37,64.3 1 1
github.com/DramaFever/pan/reflect.go:65.11,67.3 1 1
github.com/DramaFever/pan/reflect.go:71.89,75.49 4 1
github.com/DramaFever/pan/reflect.go:80.2,80.25 1 1
github.com/DramaFever/pan/reflect.go:83.2,83.36 1 1
github.com/DramaFever/pan/reflect.go:101.2,101.8 1 1
github.com/DramaFever/pan/reflect.go:75.49,79.3 3 1
github.com/DramaFever/pan/reflect.go:80.25,82.3 1 1
github.com/DramaFever/pan/reflect.go:83.36,84.31 1 1
github.com/DramaFever/pan/reflect.go:88.3,89.18 2 1
github.com/DramaFever/pan/reflect.go:92.3,92.11 1 1
github.com/DramaFever/pan/reflect.go:97.3,99.33 3 1
github.com/DramaFever/pan/reflect.go:84.31,86.12 1 1
github.com/DramaFever/pan/reflect.go:89.18,90.12 1 1
github.com/DramaFever/pan/reflect.go:92.11,94.4 1 1
github.com/DramaFever/pan/reflect.go:108.84,110.2 1 1
github.com/DramaFever/pan/reflect.go:117.86,119.2 1 1
github.com/DramaFever/pan/reflect.go:124.55,126.2 1 1
github.com/DramaFever/pan/reflect.go:131.69,133.2 1 1
github.com/DramaFever/pan/reflect.go:135.67,138.49 3 1
github.com/DramaFever/pan/reflect.go:142.2,142.25 1 1
github.com/DramaFever/pan/reflect.go:145.2,146.9 2 1
github.com/DramaFever/pan/reflect.go:149.2,149.37 1 1
github.com/DramaFever/pan/reflect.go:138.49,141.3 2 1
github.com/DramaFever/pan/reflect.go:142.25,144.3 1 1
github.com/DramaFever/pan/reflect.go:146.9,148.3 1 1
github.com/DramaFever/pan/reflect.go:152.63,154.2 1 1
github.com/DramaFever/pan/reflect.go:163.43,165.2 1 1
github.com/DramaFever/pan/reflect.go:169.35,171.33 2 1
github.com/DramaFever/pan/reflect.go:174.2,174.40 1 1
github.com/DramaFever/pan/reflect.go:171.33,173.3 1 1
github.com/DramaFever/pan/reflect.go:179.45,181.33 2 1
github.com/DramaFever/pan/reflect.go:184.2,184.33 1 1
github.com/DramaFever/pan/reflect.go:181.33,183.3 1 1
github.com/DramaFever/pan/reflect.go:189.51,192.19 3 1
github.com/DramaFever/pan/reflect.go:195.2,195.43 1 1
github.com/DramaFever/pan/reflect.go:192.19,194.3 1 1
github.com/DramaFever/pan/reflect.go:201.87,203.2 1 1
github.com/DramaFever/pan/reflect.go:206.61,208.2 1 1
github.com/DramaFever/pan/reflect.go:212.67,214.2 1 1
github.com/DramaFever/pan/reflect.go:219.117,226.57 7 1
github.com/DramaFever/pan/reflect.go:231.2,231.57 1 1
github.com/DramaFever/pan/reflect.go:236.2,236.29 1 1
github.com/DramaFever/pan/reflect.go:239.2,239.29 1 1
github.com/DramaFever/pan/reflect.go:242.2,244.31 3 1
github.com/DramaFever/pan/reflect.go:247.2,247.31 1 1
github.com/DramaFever/pan/reflect.go:250.2,252.23 3 1
github.com/DramaFever/pan/reflect.go:259.2,261.8 3 1
github.com/DramaFever/pan/reflect.go:226.57,230.3 3 1
github.com/DramaFever/pan/reflect.go:231.57,235.3 3 1
github.com/DramaFever/pan/reflect.go:236.29,238.3 1 1
github.com/DramaFever/pan/reflect.go:239.29,241.3 1 1
github.com/DramaFever/pan/reflect.go:244.31,246.3 1 1
github.com/DramaFever/pan/reflect.go:247.31,249.3 1 1
github.com/DramaFever/pan/reflect.go:252.23,258.3 5 1
github.com/DramaFever/pan/reflect.go:265.123,267.35 2 0
github.com/DramaFever/pan/reflect.go:270.2,270.8 1 0
github.com/DramaFever/pan/reflect.go:267.35,269.3 1 0
